        -:    0:Source:src/k_ctds/cursor.c
        -:    0:Source is newer than graph
        -:    1:#include "include/push_warnings.h"
        -:    2:#include <Python.h>
        -:    3:#include <sybdb.h>
        -:    4:#include "include/pop_warnings.h"
        -:    5:
        -:    6:#include <assert.h>
        -:    7:#include <stddef.h>
        -:    8:
        -:    9:#include "include/c99int.h"
        -:   10:#include "include/cursor.h"
        -:   11:#include "include/connection.h"
        -:   12:#include "include/macros.h"
        -:   13:#include "include/parameter.h"
        -:   14:#include "include/pyutils.h"
        -:   15:#include "include/tds.h"
        -:   16:#include "include/type.h"
        -:   17:
        -:   18:#if defined(__GNUC__) && (__GNUC__ > 4)
        -:   19:/*
        -:   20:    Ignore "string length '%d' is greater than the length '509' ISO C90
        -:   21:    compilers are required to support [-Werror=overlength-strings]".
        -:   22:*/
        -:   23:#  pragma GCC diagnostic ignored "-Woverlength-strings"
        -:   24:
        -:   25:/* Ignore "ISO C90 does not support 'long long' [-Werror=long-long]". */
        -:   26:#  pragma GCC diagnostic ignored "-Wlong-long"
        -:   27:#endif /* if defined(__GNUC__) && (__GNUC__ > 4) */
        -:   28:
        -:   29:#ifdef __clang__
        -:   30:# if PY_MAJOR_VERSION == 3 && PY_MINOR_VERSION == 8
        -:   31:/* Ignore "'tp_print' has been explicitly marked deprecated here" */
        -:   32:#    pragma clang diagnostic push
        -:   33:#    pragma clang diagnostic ignored "-Wdeprecated-declarations"
        -:   34:#  endif /* if PY_MAJOR_VERSION == 3 && PY_MINOR_VERSION == 8 */
        -:   35:#endif /* ifdef __clang__ */
        -:   36:
        -:   37:
        -:   38:struct Column {
        -:   39:    DBCOL dbcol;
        -:   40:
        -:   41:    sql_topython topython;
        -:   42:};
        -:   43:
        -:   44:/* A description of the columns in a result set. */
        -:   45:struct ResultSetDescription {
        -:   46:
        -:   47:    size_t _refs;
        -:   48:
        -:   49:    /*
        -:   50:      The Python object representation of the description. This will be NULL
        -:   51:       until requested the first time, then built and cached.
        -:   52:    */
        -:   53:    PyObject* _obj;
        -:   54:
        -:   55:    /*
        -:   56:        Number of columns in the current resultset. This will be 0 if there
        -:   57:        is no current result set.
        -:   58:    */
        -:   59:    size_t ncolumns;
        -:   60:
        -:   61:#if defined(__GNUC__) && (__GNUC__ > 4)
        -:   62:#  pragma GCC diagnostic push
        -:   63:#  pragma GCC diagnostic ignored "-Wpedantic"
        -:   64:#endif /* if defined(__GNUC__) && (__GNUC__ > 4) */
        -:   65:#if defined (_MSC_VER)
        -:   66:#  pragma warning(disable: 4200)
        -:   67:#endif /* if defined (_MSC_VER) */
        -:   68:
        -:   69:    /* A dynamically-sized array of columns, of length `ncolumns`. */
        -:   70:    struct Column columns[];
        -:   71:
        -:   72:#if defined (_MSC_VER)
        -:   73:#  pragma warning(default: 4200)
        -:   74:#endif /* if defined (_MSC_VER) */
        -:   75:#if defined(__GNUC__) && (__GNUC__ > 4)
        -:   76:#  pragma GCC diagnostic pop
        -:   77:#endif /* if defined(__GNUC__) && (__GNUC__ > 4) */
        -:   78:};
        -:   79:
        -:   80:#define ResultSetDescription_size(_ncolumns) \
        -:   81:    (offsetof(struct ResultSetDescription, columns) + (sizeof(struct Column) * (_ncolumns)))
        -:   82:
function ResultSetDescription_create called 0 returned 0% blocks executed 0%
    #####:   83:struct ResultSetDescription* ResultSetDescription_create(size_t ncolumns)
        -:   84:{
    #####:   85:    struct ResultSetDescription* description = tds_mem_malloc(ResultSetDescription_size(ncolumns));
    #####:   86:    if (description)
branch  0 never executed
branch  1 never executed
        -:   87:    {
    #####:   88:        description->_refs = 1;
    #####:   89:        description->_obj = NULL;
    #####:   90:        description->ncolumns = ncolumns;
    #####:   91:        memset(description->columns, 0, sizeof(struct Column) * ncolumns);
        -:   92:    }
    #####:   93:    return description;
        -:   94:}
        -:   95:
        -:   96:#define ResultSetDescription_increment(_description) \
        -:   97:    (_description)->_refs++
        -:   98:
function ResultSetDescription_decrement called 0 returned 0% blocks executed 0%
    #####:   99:static void ResultSetDescription_decrement(struct ResultSetDescription* description)
        -:  100:{
    #####:  101:    description->_refs--;
    #####:  102:    if (0 == description->_refs)
branch  0 never executed
branch  1 never executed
        -:  103:    {
    #####:  104:        Py_XDECREF(description->_obj);
call    0 never executed
    #####:  105:        tds_mem_free(description);
        -:  106:    }
    #####:  107:}
        -:  108:
        -:  109:
        -:  110:struct Cursor {
        -:  111:    PyObject_VAR_HEAD
        -:  112:
        -:  113:    /*
        -:  114:        The underlying database connection used by this cursor.
        -:  115:        The cursor holds a reference to the connection while open.
        -:  116:        Closing the cursor (via close() or __del__()) releases the
        -:  117:        reference and effectively makes the cursor useless.
        -:  118:    */
        -:  119:    struct Connection* connection;
        -:  120:
        -:  121:    /*
        -:  122:        The batch size for the fetchmany operation.
        -:  123:        See https://www.python.org/dev/peps/pep-0249/#arraysize.
        -:  124:    */
        -:  125:    unsigned PY_LONG_LONG arraysize;
        -:  126:
        -:  127:    /* A description of the current result set columns. */
        -:  128:    struct ResultSetDescription* description;
        -:  129:
        -:  130:    /* The number of rows read from the current result set. */
        -:  131:    size_t rowsread;
        -:  132:
        -:  133:    /*
        -:  134:        The paramstyle to use on .execute*() calls.
        -:  135:    */
        -:  136:    enum ParamStyle paramstyle;
        -:  137:};
        -:  138:
        -:  139:#define warn_extension_used(_method) \
        -:  140:    PyErr_WarnEx(PyExc_Warning, "DB-API extension " _method " used", 1)
        -:  141:
        -:  142:#define Cursor_verify_open(_cursor) \
        -:  143:    if (!(_cursor)->connection) \
        -:  144:    { \
        -:  145:        PyErr_Format(PyExc_tds_InterfaceError, "cursor closed"); \
        -:  146:        return NULL; \
        -:  147:    }
        -:  148:
        -:  149:#define Cursor_verify_connection_open(_cursor) \
        -:  150:    if (!Connection_DBPROCESS((_cursor)->connection)) \
        -:  151:    { \
        -:  152:        Connection_raise_closed((_cursor)->connection); \
        -:  153:        return NULL; \
        -:  154:    }
        -:  155:
        -:  156:/*
        -:  157:    Clear a cursor's notion of the current resultset.
        -:  158:
        -:  159:    @note This method does not consume remaining unread rows in the
        -:  160:        resultset. That occurs in Cursor_next_resultset(), which
        -:  161:        runs outside the GIL.
        -:  162:*/
    #####:  163:static void Cursor_clear_resultset(struct Cursor* cursor)
        -:  164:{
    #####:  165:    if (cursor->description)
        -:  166:    {
    #####:  167:        ResultSetDescription_decrement(cursor->description);
call    0 never executed
call    1 never executed
call    2 never executed
call    3 never executed
    #####:  168:        cursor->description = NULL;
        -:  169:    }
    #####:  170:    cursor->rowsread = 0;
        -:  171:}
        -:  172:
        -:  173:/*
        -:  174:    Close a cursor's connection.
        -:  175:
        -:  176:    This method can be called multiple times on the same cursor.
        -:  177:*/
function Cursor_close_connection called 0 returned 0% blocks executed 0%
    #####:  178:static void Cursor_close_connection(struct Cursor* cursor)
        -:  179:{
    #####:  180:    Cursor_clear_resultset(cursor);
branch  0 never executed
branch  1 never executed
    #####:  181:    Py_XDECREF(cursor->connection);
call    0 never executed
    #####:  182:    cursor->connection = NULL;
    #####:  183:}
        -:  184:
        -:  185:/*
        -:  186:    Load the next resultset column data.
        -:  187:
        -:  188:    @note This method does not manipulate the GIL. Callers should release
        -:  189:        the GIL when calling this method.
        -:  190:
        -:  191:    @param cursor [in] The cursor object.
        -:  192:    @param retcode [out] The dblib result. If this is not FAIL on a failure,
        -:  193:        consult errno for the system failure.
        -:  194:
        -:  195:    @return 0 if the call succeeded, -1 if it failed.
        -:  196:*/
function Cursor_next_resultset called 0 returned 0% blocks executed 0%
    #####:  197:static int Cursor_next_resultset(struct Cursor* cursor, RETCODE* retcode)
        -:  198:{
    #####:  199:    DBINT ncolumns;
    #####:  200:    DBINT column;
    #####:  201:    DBPROCESS* dbproc = Connection_DBPROCESS(cursor->connection);
        -:  202:
        -:  203:#if PY_VERSION_HEX >= 0x03040000
        -:  204:    /* GIL should not be held when this function is called. */
    #####:  205:    assert(!PyGILState_Check());
        -:  206:#endif /* if PY_VERSION_HEX >= 0x03040000 */
        -:  207:
        -:  208:    /* Cursor_clear_resultset() must have already been called. */
    #####:  209:    assert(!cursor->description);
    #####:  210:    assert(0 == cursor->rowsread);
        -:  211:
        -:  212:    /* Read any unprocessed rows from the database. */
    #####:  213:    while (dbnextrow(dbproc) != NO_MORE_ROWS) {}
call    0 never executed
call    1 never executed
branch  2 never executed
branch  3 never executed
        -:  214:
        -:  215:    /*
        -:  216:        dbresults() sometimes returns SUCCEED and dbnumcols() returns 0.
        -:  217:        In this case, keep looking for the next resultset.
        -:  218:    */
    #####:  219:    for (ncolumns = 0; 0 == ncolumns; ncolumns = dbnumcols(dbproc))
call    0 never executed
branch  1 never executed
branch  2 never executed
        -:  220:    {
    #####:  221:        *retcode = dbresults(dbproc);
call    0 never executed
    #####:  222:        if (SUCCEED != *retcode /* retcode may be NO_MORE_RESULTS */)
branch  0 never executed
branch  1 never executed
        -:  223:        {
    #####:  224:            return (NO_MORE_RESULTS == *retcode) ? 0 : -1;
branch  0 never executed
branch  1 never executed
        -:  225:        }
        -:  226:    }
        -:  227:
    #####:  228:    cursor->description = ResultSetDescription_create((size_t)ncolumns);
call    0 never executed
    #####:  229:    if (!cursor->description)
branch  0 never executed
branch  1 never executed
        -:  230:    {
        -:  231:        return -1;
        -:  232:    }
        -:  233:
    #####:  234:    for (column = 1; column <= ncolumns; ++column)
branch  0 never executed
branch  1 never executed
        -:  235:    {
    #####:  236:        *retcode = dbcolinfo(dbproc, CI_REGULAR, column, 0 /* ignored by dblib */,
    #####:  237:                             &cursor->description->columns[column - 1].dbcol);
call    0 never executed
    #####:  238:        if (FAIL == *retcode)
branch  0 never executed
branch  1 never executed
        -:  239:        {
        -:  240:            break;
        -:  241:        }
        -:  242:
    #####:  243:        cursor->description->columns[column - 1].topython =
    #####:  244:            sql_topython_lookup((enum TdsType)cursor->description->columns[column - 1].dbcol.Type);
call    0 never executed
        -:  245:    }
        -:  246:
    #####:  247:    if (FAIL == *retcode)
branch  0 never executed
branch  1 never executed
        -:  248:    {
    #####:  249:        ResultSetDescription_decrement(cursor->description);
call    0 never executed
    #####:  250:        cursor->description = NULL;
    #####:  251:        return -1;
        -:  252:    }
        -:  253:
        -:  254:    return 0;
        -:  255:}
        -:  256:
        -:  257:
        -:  258:/*
        -:  259:   Python tds.Cursor type definition.
        -:  260:*/
        -:  261:PyTypeObject CursorType;
        -:  262:
        -:  263:static const char s_tds_Cursor_doc[] =
        -:  264:    "A database cursor used to manage the context of a fetch operation.\n"
        -:  265:    "\n"
        -:  266:    ":pep:`0249#cursor-objects`\n";
        -:  267:
function Cursor_dealloc called 0 returned 0% blocks executed 0%
    #####:  268:static void Cursor_dealloc(PyObject* self)
        -:  269:{
    #####:  270:    Cursor_close_connection((struct Cursor*)self);
call    0 never executed
    #####:  271:    PyObject_Del(self);
call    0 never executed
    #####:  272:}
        -:  273:
        -:  274:/*
        -:  275:    tds.Cursor attributes
        -:  276:*/
        -:  277:
        -:  278:static const char s_Cursor_arraysize_doc[] =
        -:  279:    "The number of rows to fetch at a time with :py:meth:`.fetchmany`.\n"
        -:  280:    "\n"
        -:  281:    ":pep:`0249#arraysize`\n"
        -:  282:    "\n"
        -:  283:    ":rtype: int\n";
        -:  284:
function Cursor_arraysize_get called 0 returned 0% blocks executed 0%
    #####:  285:static PyObject* Cursor_arraysize_get(PyObject* self, void* closure)
        -:  286:{
    #####:  287:    struct Cursor* cursor = (struct Cursor*)self;
        -:  288:
    #####:  289:    return PyLong_FromUnsignedLongLong(cursor->arraysize);
call    0 never executed
        -:  290:
    #####:  291:    UNUSED(closure);
        -:  292:}
        -:  293:
function Cursor_arraysize_set called 0 returned 0% blocks executed 0%
    #####:  294:static int Cursor_arraysize_set(PyObject* self, PyObject* value, void* closure)
        -:  295:{
    #####:  296:    unsigned PY_LONG_LONG arraysize;
    #####:  297:    struct Cursor* cursor = (struct Cursor*)self;
    #####:  298:    if (
branch  0 never executed
branch  1 never executed
        -:  299:        (
        -:  300:#if PY_MAJOR_VERSION < 3
        -:  301:        !PyInt_Check(value) &&
        -:  302:#endif /* if PY_MAJOR_VERSION < 3 */
    #####:  303:        !PyLong_Check(value)
branch  0 never executed
branch  1 never executed
    #####:  304:        ) || PyBool_Check(value))
branch  0 never executed
branch  1 never executed
        -:  305:    {
    #####:  306:        PyErr_SetString(PyExc_TypeError, "arraysize");
    #####:  307:        return -1;
call    0 never executed
        -:  308:    }
        -:  309:#if PY_MAJOR_VERSION < 3
        -:  310:    if (PyInt_Check(value))
        -:  311:    {
        -:  312:        /* Note: This does not check for overflow. */
        -:  313:        arraysize = PyInt_AsUnsignedLongLongMask(value);
        -:  314:    }
        -:  315:#endif /* if PY_MAJOR_VERSION < 3 */
        -:  316:    else
        -:  317:    {
    #####:  318:        arraysize = PyLong_AsUnsignedLongLong(value);
call    0 never executed
        -:  319:    }
    #####:  320:    if (PyErr_Occurred())
call    0 never executed
branch  1 never executed
branch  2 never executed
        -:  321:    {
        -:  322:        return -1;
        -:  323:    }
    #####:  324:    cursor->arraysize = arraysize;
    #####:  325:    return 0;
        -:  326:
    #####:  327:    UNUSED(closure);
        -:  328:}
        -:  329:
        -:  330:static const char s_Cursor_description_doc[] =
        -:  331:    "A description of the current result set columns.\n"
        -:  332:    "The description is a sequence of tuples, one tuple per column in the\n"
        -:  333:    "result set. The tuple describes the column data as follows:\n"
        -:  334:    "\n"
        -:  335:    "+---------------+--------------------------------------+\n"
        -:  336:    "| name          | The name of the column, if provided. |\n"
        -:  337:    "+---------------+--------------------------------------+\n"
        -:  338:    "| type_code     | The specific type of the column.     |\n"
        -:  339:    "+---------------+--------------------------------------+\n"
        -:  340:    "| display_size  | The SQL type size of the column.     |\n"
        -:  341:    "+---------------+--------------------------------------+\n"
        -:  342:    "| internal_size | The client size of the column.       |\n"
        -:  343:    "+---------------+--------------------------------------+\n"
        -:  344:    "| precision     | The precision of NUMERIC and DECIMAL |\n"
        -:  345:    "|               | columns.                             |\n"
        -:  346:    "+---------------+--------------------------------------+\n"
        -:  347:    "| scale         | The scale of NUMERIC and DECIMAL     |\n"
        -:  348:    "|               | columns.                             |\n"
        -:  349:    "+---------------+--------------------------------------+\n"
        -:  350:    "| null_ok       | Whether the column allows NULL.      |\n"
        -:  351:    "+---------------+--------------------------------------+\n"
        -:  352:    "\n"
        -:  353:    ".. note::\n"
        -:  354:    "    In Python 3+, this is a :py:class:`tuple` of\n"
        -:  355:    "    :py:func:`collections.namedtuple` objects whose members are defined\n"
        -:  356:    "    above.\n"
        -:  357:    "\n"
        -:  358:    ":pep:`0249#description`\n"
        -:  359:    "\n"
        -:  360:    ":return:\n"
        -:  361:    "    A sequence of tuples or :py:data:`None` if no results are\n"
        -:  362:    "    available.\n"
        -:  363:    ":rtype: tuple(tuple(str, int, int, int, int, int, bool))\n";
        -:  364:
        -:  365:#if PY_MAJOR_VERSION >= 3
        -:  366:
        -:  367:static PyTypeObject DescriptionType;
        -:  368:
    #####:  369:static int Description_init(void)
        -:  370:{
    #####:  371:    static PyStructSequence_Field s_fields[] =
        -:  372:    {
        -:  373:        /* name, doc */
        -:  374:        { "name", NULL },
        -:  375:        { "type_code", NULL },
        -:  376:        { "display_size", NULL },
        -:  377:        { "internal_size", NULL },
        -:  378:        { "precision", NULL },
        -:  379:        { "scale", NULL },
        -:  380:        { "null_ok", NULL },
        -:  381:        { NULL, NULL }
        -:  382:    };
    #####:  383:    static PyStructSequence_Desc s_desc = {
        -:  384:        "description",                   /* name */
        -:  385:        (char*)s_Cursor_description_doc, /* doc */
        -:  386:        s_fields,                        /* fields */
        -:  387:        ARRAYSIZE(s_fields)  - 1         /* n_in_sequence */
        -:  388:    };
        -:  389:
        -:  390:#  if PY_VERSION_HEX >= 0x03040000
    #####:  391:    return PyStructSequence_InitType2(&DescriptionType, &s_desc);
        -:  392:#  else
        -:  393:    PyStructSequence_InitType(&DescriptionType, &s_desc);
        -:  394:    return 0;
        -:  395:#  endif /* if PY_VERSION_HEX >= 0x03040000 */
        -:  396:
        -:  397:#  define Description_New() PyStructSequence_New(&DescriptionType)
        -:  398:#  define Description_GET_ITEM PyStructSequence_GET_ITEM
        -:  399:#  define Description_SET_ITEM PyStructSequence_SET_ITEM
        -:  400:
        -:  401:}
        -:  402:#else /* if PY_MAJOR_VERSION < 3 */
        -:  403:
        -:  404:#  define Description_init() 0
        -:  405:#  define Description_New() PyTuple_New(7)
        -:  406:#  define Description_GET_ITEM PyTuple_GET_ITEM
        -:  407:#  define Description_SET_ITEM PyTuple_SET_ITEM
        -:  408:
        -:  409:#endif /* else if PY_MAJOR_VERSION >= 3 */
        -:  410:
        -:  411:/*
        -:  412:  Construct the 7-item sequence, as descibed by:
        -:  413:  https://www.python.org/dev/peps/pep-0249/#description.
        -:  414:
        -:  415:    * name
        -:  416:    * type_code
        -:  417:    * display_size
        -:  418:    * internal_size
        -:  419:    * precision
        -:  420:    * scale
        -:  421:    * null_ok
        -:  422:*/
function create_column_description called 0 returned 0% blocks executed 0%
    #####:  423:static PyObject* create_column_description(const struct Column* column)
        -:  424:{
    #####:  425:    PyObject* tuple = Description_New();
call    0 never executed
    #####:  426:    if (tuple)
branch  0 never executed
branch  1 never executed
        -:  427:    {
    #####:  428:        do
    #####:  429:        {
    #####:  430:            PyObject* item;
    #####:  431:            Py_ssize_t ix = 0;
        -:  432:
        -:  433:            /* name */
    #####:  434:            item = PyUnicode_DecodeUTF8(column->dbcol.ActualName,
    #####:  435:                                        (Py_ssize_t)strlen(column->dbcol.ActualName),
call    0 never executed
        -:  436:                                        "strict");
    #####:  437:            if (!item)
branch  0 never executed
branch  1 never executed
        -:  438:            {
        -:  439:                break;
        -:  440:            }
    #####:  441:            Description_SET_ITEM(tuple, ix++, item); /* item reference stolen by Description_SET_ITEM */
call    0 never executed
        -:  442:
        -:  443:            /* type_code */
    #####:  444:            item = PyLong_FromLong(column->dbcol.Type);
call    0 never executed
    #####:  445:            if (!item)
branch  0 never executed
branch  1 never executed
        -:  446:            {
        -:  447:                break;
        -:  448:            }
    #####:  449:            Description_SET_ITEM(tuple, ix++, item); /* item reference stolen by Description_SET_ITEM */
call    0 never executed
        -:  450:
        -:  451:            /* display_size */
    #####:  452:            item = PyLong_FromLongLong((PY_LONG_LONG)column->dbcol.MaxLength);
call    0 never executed
    #####:  453:            if (!item)
branch  0 never executed
branch  1 never executed
        -:  454:            {
        -:  455:                break;
        -:  456:            }
    #####:  457:            Description_SET_ITEM(tuple, ix++, item); /* item reference stolen by Description_SET_ITEM */
call    0 never executed
        -:  458:
        -:  459:            /* internal_size */
        -:  460:            /* For now, just use the display_size value for this. */
    #####:  461:            item = PyLong_FromLongLong((PY_LONG_LONG)column->dbcol.MaxLength);
call    0 never executed
    #####:  462:            if (!item)
branch  0 never executed
branch  1 never executed
        -:  463:            {
        -:  464:                break;
        -:  465:            }
    #####:  466:            Description_SET_ITEM(tuple, ix++, item); /* item reference stolen by Description_SET_ITEM */
call    0 never executed
        -:  467:
        -:  468:            /* precision */
    #####:  469:            item = PyLong_FromUnsignedLong((unsigned long)column->dbcol.Precision);
call    0 never executed
    #####:  470:            if (!item)
branch  0 never executed
branch  1 never executed
        -:  471:            {
        -:  472:                break;
        -:  473:            }
    #####:  474:            Description_SET_ITEM(tuple, ix++, item); /* item reference stolen by PyTuple_SET_ITEM */
call    0 never executed
        -:  475:
        -:  476:            /* scale */
    #####:  477:            item = PyLong_FromUnsignedLong((unsigned long)column->dbcol.Scale);
call    0 never executed
    #####:  478:            if (!item)
branch  0 never executed
branch  1 never executed
        -:  479:            {
        -:  480:                break;
        -:  481:            }
    #####:  482:            Description_SET_ITEM(tuple, ix++, item); /* item reference stolen by Description_SET_ITEM */
call    0 never executed
        -:  483:
        -:  484:            /* null_ok */
    #####:  485:            item = PyBool_FromLong((long)column->dbcol.Null);
call    0 never executed
    #####:  486:            if (!item)
branch  0 never executed
branch  1 never executed
        -:  487:            {
        -:  488:                break;
        -:  489:            }
    #####:  490:            Description_SET_ITEM(tuple, ix++, item); /* item reference stolen by Description_SET_ITEM */
        -:  491:
    #####:  492:            return tuple;
        -:  493:        } while (0);
        -:  494:
    #####:  495:        Py_DECREF(tuple);
branch  0 never executed
branch  1 never executed
        -:  496:    }
        -:  497:    else
        -:  498:    {
    #####:  499:        PyErr_NoMemory();
call    0 never executed
        -:  500:    }
        -:  501:    return NULL;
        -:  502:}
        -:  503:
function ResultSetDescription_get_object called 0 returned 0% blocks executed 0%
    #####:  504:static PyObject* ResultSetDescription_get_object(struct ResultSetDescription* description)
        -:  505:{
    #####:  506:    if (!description->_obj)
branch  0 never executed
branch  1 never executed
        -:  507:    {
    #####:  508:        PyObject* tuple = PyTuple_New((Py_ssize_t)description->ncolumns);
call    0 never executed
    #####:  509:        if (tuple)
branch  0 never executed
branch  1 never executed
        -:  510:        {
        -:  511:            size_t ix;
    #####:  512:            for (ix = 0; ix < description->ncolumns; ++ix)
branch  0 never executed
branch  1 never executed
        -:  513:            {
    #####:  514:                PyObject* column = create_column_description(&description->columns[ix]);
call    0 never executed
    #####:  515:                if (column)
branch  0 never executed
branch  1 never executed
        -:  516:                {
    #####:  517:                    PyTuple_SET_ITEM(tuple, (Py_ssize_t)ix, column); /* column reference stolen by PyTuple_SET_ITEM */
        -:  518:                }
        -:  519:                else
        -:  520:                {
        -:  521:                    break;
        -:  522:                }
        -:  523:            }
        -:  524:
    #####:  525:            if (PyErr_Occurred())
call    0 never executed
branch  1 never executed
branch  2 never executed
        -:  526:            {
    #####:  527:                Py_DECREF(tuple);
branch  0 never executed
branch  1 never executed
    #####:  528:                tuple = NULL;
        -:  529:            }
        -:  530:            else
        -:  531:            {
    #####:  532:                description->_obj = tuple;
    #####:  533:                tuple = NULL; /* reference stolen above */
        -:  534:            }
        -:  535:        }
        -:  536:        else
        -:  537:        {
    #####:  538:            PyErr_NoMemory();
call    0 never executed
        -:  539:        }
        -:  540:    }
        -:  541:
    #####:  542:    Py_XINCREF(description->_obj);
branch  0 never executed
branch  1 never executed
    #####:  543:    return description->_obj;
        -:  544:}
        -:  545:
function Cursor_description_get called 0 returned 0% blocks executed 0%
    #####:  546:static PyObject* Cursor_description_get(PyObject* self, void* closure)
        -:  547:{
    #####:  548:    struct Cursor* cursor = (struct Cursor*)self;
        -:  549:
        -:  550:    /*
        -:  551:        Return None if the resultset is empty (i.e. has no columns).
        -:  552:        This will also cover cases where no operation has occurred yet.
        -:  553:    */
    #####:  554:    if (!cursor->description)
branch  0 never executed
branch  1 never executed
        -:  555:    {
        -:  556:        Py_RETURN_NONE;
        -:  557:    }
        -:  558:
    #####:  559:    return ResultSetDescription_get_object(cursor->description);
call    0 never executed
        -:  560:
    #####:  561:    UNUSED(closure);
        -:  562:}
        -:  563:
        -:  564:static const char s_Cursor_rowcount_doc[] =
        -:  565:    "The number of rows that the last :py:meth:`.execute` produced or affected.\n"
        -:  566:    "\n"
        -:  567:    ".. note::\n"
        -:  568:    "\n"
        -:  569:    "    This value is unreliable when :py:meth:`.execute` is called with parameters\n"
        -:  570:    "    and using a version of FreeTDS prior to 1.1.\n"
        -:  571:    "\n"
        -:  572:    ":pep:`0249#rowcount`\n"
        -:  573:    "\n"
        -:  574:    ":rtype: int\n";
        -:  575:
function Cursor_rowcount_get called 0 returned 0% blocks executed 0%
    #####:  576:static PyObject* Cursor_rowcount_get(PyObject* self, void* closure)
        -:  577:{
    #####:  578:    struct Cursor* cursor = (struct Cursor*)self;
    #####:  579:    Cursor_verify_open(cursor);
branch  0 never executed
branch  1 never executed
call    2 never executed
        -:  580:
        -:  581:    /*
        -:  582:        Note: the affected row count is always -1 after an RPC call.
        -:  583:        When .execute*() utilizes `sp_executesql`, this value will be -1.
        -:  584:    */
    #####:  585:    return PyLong_FromLong(dbcount(Connection_DBPROCESS(cursor->connection)));
call    0 never executed
call    1 never executed
call    2 never executed
        -:  586:
    #####:  587:    UNUSED(closure);
        -:  588:}
        -:  589:
        -:  590:static const char s_Cursor_connection_doc[] =
        -:  591:    "A reference to the Connection object on which the cursor was created.\n"
        -:  592:    "\n"
        -:  593:    ":pep:`0249#id28`\n"
        -:  594:    "\n"
        -:  595:    ":rtype: k_ctds.Connection\n";
        -:  596:
function Cursor_connection_get called 0 returned 0% blocks executed 0%
    #####:  597:static PyObject* Cursor_connection_get(PyObject* self, void* closure)
        -:  598:{
    #####:  599:    struct Cursor* cursor = (struct Cursor*)self;
        -:  600:
    #####:  601:    if (0 != warn_extension_used("cursor.connection"))
call    0 never executed
branch  1 never executed
branch  2 never executed
        -:  602:    {
        -:  603:        return NULL;
        -:  604:    }
        -:  605:
    #####:  606:    Cursor_verify_open(cursor);
branch  0 never executed
branch  1 never executed
call    2 never executed
        -:  607:
    #####:  608:    Py_INCREF(cursor->connection);
branch  0 never executed
branch  1 never executed
        -:  609:    return (PyObject*)cursor->connection;
        -:  610:
    #####:  611:    UNUSED(closure);
        -:  612:}
        -:  613:
        -:  614:static const char s_Cursor_rownumber_doc[] =
        -:  615:    "The current 0-based index of the cursor in the result set or\n"
        -:  616:    ":py:data:`None` if the index cannot be determined.\n"
        -:  617:    "\n"
        -:  618:    ":pep:`0249#rownumber`\n"
        -:  619:    "\n"
        -:  620:    ":rtype: int\n";
        -:  621:
function Cursor_rownumber_get called 0 returned 0% blocks executed 0%
    #####:  622:static PyObject* Cursor_rownumber_get(PyObject* self, void* closure)
        -:  623:{
    #####:  624:    struct Cursor* cursor = (struct Cursor*)self;
        -:  625:
    #####:  626:    if (0 != warn_extension_used("cursor.rownumber"))
call    0 never executed
branch  1 never executed
branch  2 never executed
        -:  627:    {
        -:  628:        return NULL;
        -:  629:    }
        -:  630:
    #####:  631:    if (cursor->description)
branch  0 never executed
branch  1 never executed
        -:  632:    {
    #####:  633:        return PyLong_FromSize_t(cursor->rowsread);
call    0 never executed
        -:  634:    }
        -:  635:    else
        -:  636:    {
        -:  637:        Py_RETURN_NONE;
        -:  638:    }
        -:  639:
    #####:  640:    UNUSED(closure);
        -:  641:}
        -:  642:
        -:  643:static const char s_Cursor_spid_doc[] =
        -:  644:    "Retrieve the SQL Server Session Process ID (SPID) for the connection or\n"
        -:  645:    ":py:data:`None` if the connection is closed.\n"
        -:  646:    "\n"
        -:  647:    ":rtype: int\n";
        -:  648:
function Cursor_spid_get called 0 returned 0% blocks executed 0%
    #####:  649:static PyObject* Cursor_spid_get(PyObject* self, void* closure)
        -:  650:{
    #####:  651:    struct Cursor* cursor = (struct Cursor*)self;
        -:  652:
    #####:  653:    DBPROCESS* dbproc;
    #####:  654:    Cursor_verify_open(cursor);
branch  0 never executed
branch  1 never executed
call    2 never executed
        -:  655:
    #####:  656:    dbproc = Connection_DBPROCESS(cursor->connection);
call    0 never executed
    #####:  657:    if (dbproc)
branch  0 never executed
branch  1 never executed
        -:  658:    {
    #####:  659:        int spid = dbspid(dbproc);
call    0 never executed
    #####:  660:        return PyLong_FromLong((long)spid);
call    0 never executed
        -:  661:    }
        -:  662:    Py_RETURN_NONE;
        -:  663:
    #####:  664:    UNUSED(closure);
        -:  665:}
        -:  666:
        -:  667:static const char s_Cursor_Parameter_doc[] =
        -:  668:    "Convenience method to :py:class:`k_ctds.Parameter`.\n"
        -:  669:    "\n"
        -:  670:    ":return: A new Parameter object.\n"
        -:  671:    ":rtype: k_ctds.Parameter\n";
        -:  672:
function Cursor_Parameter_get called 0 returned 0% blocks executed 0%
    #####:  673:static PyObject* Cursor_Parameter_get(PyObject* self, void* closure)
        -:  674:{
    #####:  675:    return (PyObject*)ParameterType_get();
call    0 never executed
        -:  676:
    #####:  677:    UNUSED(self);
    #####:  678:    UNUSED(closure);
        -:  679:}
        -:  680:
        -:  681:
        -:  682:static PyGetSetDef Cursor_getset[] = {
        -:  683:    /* name, get, set, doc, closure */
        -:  684:    { (char*)"arraysize",   Cursor_arraysize_get,   Cursor_arraysize_set, (char*)s_Cursor_arraysize_doc,   NULL },
        -:  685:    { (char*)"description", Cursor_description_get, NULL,                 (char*)s_Cursor_description_doc, NULL },
        -:  686:    { (char*)"rowcount",    Cursor_rowcount_get,    NULL,                 (char*)s_Cursor_rowcount_doc,    NULL },
        -:  687:
        -:  688:    { (char*)"connection",  Cursor_connection_get,  NULL,                 (char*)s_Cursor_connection_doc,  NULL },
        -:  689:    { (char*)"rownumber",   Cursor_rownumber_get,   NULL,                 (char*)s_Cursor_rownumber_doc,   NULL },
        -:  690:    { (char*)"spid",        Cursor_spid_get,        NULL,                 (char*)s_Cursor_spid_doc,        NULL },
        -:  691:    { (char*)"Parameter",   Cursor_Parameter_get,   NULL,                 (char*)s_Cursor_Parameter_doc,   NULL },
        -:  692:    { NULL,                 NULL,                   NULL,                 NULL,                            NULL }
        -:  693:};
        -:  694:
        -:  695:/*
        -:  696:    tds.Cursor methods
        -:  697:*/
        -:  698:
function Cursor_extract_parameter_name called 0 returned 0% blocks executed 0%
    #####:  699:static const char* Cursor_extract_parameter_name(PyObject* value, PyObject** utf8)
        -:  700:{
    #####:  701:    const char* name;
    #####:  702:    assert(NULL == *utf8);
    #####:  703:    if (
branch  0 never executed
branch  1 never executed
        -:  704:#if PY_MAJOR_VERSION < 3
        -:  705:        !PyString_Check(value) &&
        -:  706:#endif /* if PY_MAJOR_VERSION < 3 */
    #####:  707:        !PyUnicode_Check(value))
branch  0 never executed
branch  1 never executed
        -:  708:    {
        -:  709:        return NULL;
        -:  710:    }
        -:  711:#if PY_MAJOR_VERSION < 3
        -:  712:    if (PyUnicode_Check(value))
        -:  713:    {
        -:  714:        *utf8 = PyUnicode_AsUTF8String(value);
        -:  715:        if (!*utf8)
        -:  716:        {
        -:  717:            return NULL;
        -:  718:        }
        -:  719:        name = PyString_AS_STRING(*utf8);
        -:  720:    }
        -:  721:    else
        -:  722:#endif /* if PY_MAJOR_VERSION < 3 */
        -:  723:    {
    #####:  724:        Py_INCREF(value);
branch  0 never executed
branch  1 never executed
    #####:  725:        *utf8 = value;
        -:  726:
        -:  727:#if PY_MAJOR_VERSION < 3
        -:  728:        assert(PyString_Check(value));
        -:  729:        name = PyString_AS_STRING(*utf8);
        -:  730:#else /* if PY_MAJOR_VERSION < 3 */
    #####:  731:        name = PyUnicode_AsUTF8(*utf8);
call    0 never executed
        -:  732:#endif /* else if PY_MAJOR_VERSION < 3 */
        -:  733:    }
        -:  734:
        -:  735:    /* Only allow string keys starting with '@' */
    #####:  736:    if ('@' != name[0])
branch  0 never executed
branch  1 never executed
        -:  737:    {
    #####:  738:        return NULL;
        -:  739:    }
        -:  740:
        -:  741:    return name;
        -:  742:}
        -:  743:/*
        -:  744:    Bind Python objects to RPC parameters for use in an RPC call.
        -:  745:
        -:  746:    This method sets an appropriate Python exception on failure.
        -:  747:
        -:  748:    @note This method requires the current thread own the GIL.
        -:  749:    @note A new reference is returned.
        -:  750:    @note dbrpcinit *must* be called before this.
        -:  751:
        -:  752:    @param cursor [in] A Cusor object.
        -:  753:    @param parameters [in] A Python dict or tuple object of parameters to bind.
        -:  754:        The parameters can be of any Python type.
        -:  755:    @param kvpairs [in] Are the parameters passed as (key, value) pairs?
        -:  756:        This is necessary to support ordered named parameters.
        -:  757:
        -:  758:    @return A Python dict or tuple object containg the bound parameters.
        -:  759:*/
function Cursor_bind called 0 returned 0% blocks executed 0%
    #####:  760:static PyObject* Cursor_bind(struct Cursor* cursor, PyObject* parameters, bool kvpairs)
        -:  761:{
    #####:  762:    RETCODE retcode = SUCCEED;
        -:  763:
    #####:  764:    Py_ssize_t nparameters = (PyDict_Check(parameters)) ? PyDict_Size(parameters) : PyTuple_GET_SIZE(parameters);
branch  0 never executed
branch  1 never executed
call    2 never executed
    #####:  765:    DBPROCESS* dbproc = Connection_DBPROCESS(cursor->connection);
call    0 never executed
        -:  766:
    #####:  767:    PyObject* rpcparams = (PyDict_Check(parameters)) ? PyDict_New() : PyTuple_New(nparameters);
branch  0 never executed
branch  1 never executed
call    2 never executed
call    3 never executed
    #####:  768:    if (!rpcparams)
branch  0 never executed
branch  1 never executed
        -:  769:    {
    #####:  770:        PyErr_NoMemory();
    #####:  771:        return NULL;
call    0 never executed
        -:  772:    }
        -:  773:
    #####:  774:    if (PyTuple_Check(parameters))
branch  0 never executed
branch  1 never executed
        -:  775:    {
        -:  776:        Py_ssize_t ix;
    #####:  777:        for (ix = 0; ix < nparameters; ++ix)
branch  0 never executed
branch  1 never executed
        -:  778:        {
    #####:  779:            struct Parameter* rpcparam;
    #####:  780:            PyObject* utf8key = NULL;
        -:  781:
    #####:  782:            do
    #####:  783:            {
    #####:  784:                const char* keystr = NULL;
    #####:  785:                PyObject* value;
    #####:  786:                if (kvpairs)
branch  0 never executed
branch  1 never executed
        -:  787:                {
    #####:  788:                    PyObject* pair = PyTuple_GET_ITEM(parameters, ix);
    #####:  789:                    assert(PyTuple_Check(pair) && PyTuple_GET_SIZE(pair) == 2);
        -:  790:
    #####:  791:                    keystr = Cursor_extract_parameter_name(PyTuple_GET_ITEM(pair, 0),
call    0 never executed
        -:  792:                                                           &utf8key);
        -:  793:
    #####:  794:                    assert(keystr);
    #####:  795:                    value = PyTuple_GET_ITEM(pair, 1);
        -:  796:                }
        -:  797:                else
        -:  798:                {
    #####:  799:                    value = PyTuple_GET_ITEM(parameters, ix);
        -:  800:                }
        -:  801:
    #####:  802:                if (!Parameter_Check(value))
call    0 never executed
branch  1 never executed
branch  2 never executed
        -:  803:                {
    #####:  804:                    rpcparam = Parameter_create(value, 0 /* output */);
call    0 never executed
    #####:  805:                    if (!rpcparam)
branch  0 never executed
branch  1 never executed
        -:  806:                    {
        -:  807:                        break;
        -:  808:                    }
        -:  809:                }
        -:  810:                else
        -:  811:                {
    #####:  812:                    Py_INCREF(value);
branch  0 never executed
branch  1 never executed
        -:  813:                    rpcparam = (struct Parameter*)value;
        -:  814:                }
        -:  815:
    #####:  816:                if (0 != Parameter_bind(rpcparam, dbproc))
call    0 never executed
branch  1 never executed
branch  2 never executed
        -:  817:                {
    #####:  818:                    Py_DECREF(rpcparam);
branch  0 never executed
branch  1 never executed
        -:  819:                    break;
        -:  820:                }
        -:  821:
    #####:  822:                PyTuple_SET_ITEM(rpcparams, ix, (PyObject*)rpcparam); /* rpcparam reference stolen by PyTuple_SET_ITEM */
call    0 never executed
        -:  823:
    #####:  824:                retcode = Parameter_dbrpcparam(rpcparam, dbproc, keystr);
call    0 never executed
        -:  825:            }
        -:  826:            while (0);
        -:  827:
    #####:  828:            Py_XDECREF(utf8key);
call    0 never executed
        -:  829:
    #####:  830:            if (PyErr_Occurred() || (FAIL == retcode))
call    0 never executed
branch  1 never executed
branch  2 never executed
branch  3 never executed
branch  4 never executed
        -:  831:            {
        -:  832:                break;
        -:  833:            }
        -:  834:        }
        -:  835:    }
        -:  836:    else /* if (PyDict_Check(parameters)) */
        -:  837:    {
    #####:  838:        PyObject* key;
    #####:  839:        PyObject* value;
    #####:  840:        Py_ssize_t pos = 0;
        -:  841:
    #####:  842:        while (PyDict_Next(parameters, &pos, &key, &value))
call    0 never executed
branch  1 never executed
branch  2 never executed
        -:  843:        {
    #####:  844:            struct Parameter* rpcparam = NULL;
    #####:  845:            PyObject* utf8key = NULL;
    #####:  846:            do
    #####:  847:            {
    #####:  848:                const char* keystr = Cursor_extract_parameter_name(key, &utf8key);
call    0 never executed
    #####:  849:                if (!keystr)
branch  0 never executed
branch  1 never executed
        -:  850:                {
    #####:  851:                    PyObject* repr = PyObject_Repr(key);
call    0 never executed
    #####:  852:                    if (repr)
branch  0 never executed
branch  1 never executed
        -:  853:                    {
        -:  854:#if PY_MAJOR_VERSION < 3
        -:  855:                        const char* reprstr = PyString_AS_STRING(repr);
        -:  856:#else /* if PY_MAJOR_VERSION < 3 */
    #####:  857:                        const char* reprstr = PyUnicode_AsUTF8(repr);
call    0 never executed
        -:  858:#endif /* else if PY_MAJOR_VERSION < 3 */
    #####:  859:                        PyErr_Format(PyExc_tds_InterfaceError, "invalid parameter name \"%s\"", reprstr);
call    0 never executed
    #####:  860:                        Py_DECREF(repr);
branch  0 never executed
branch  1 never executed
        -:  861:                    }
        -:  862:                    break;
        -:  863:                }
        -:  864:
    #####:  865:                if (!Parameter_Check(value))
call    0 never executed
branch  1 never executed
branch  2 never executed
        -:  866:                {
    #####:  867:                    rpcparam = Parameter_create(value, 0 /* output */);
call    0 never executed
    #####:  868:                    if (!rpcparam)
branch  0 never executed
branch  1 never executed
        -:  869:                    {
        -:  870:                        break;
        -:  871:                    }
        -:  872:                }
        -:  873:                else
        -:  874:                {
    #####:  875:                    Py_INCREF(value);
branch  0 never executed
branch  1 never executed
        -:  876:                    rpcparam = (struct Parameter*)value;
        -:  877:                }
    #####:  878:                if (0 != Parameter_bind(rpcparam, dbproc))
call    0 never executed
branch  1 never executed
branch  2 never executed
        -:  879:                {
        -:  880:                    break;
        -:  881:                }
        -:  882:
    #####:  883:                if (0 != PyDict_SetItem(rpcparams, key, (PyObject*)rpcparam))
call    0 never executed
branch  1 never executed
branch  2 never executed
        -:  884:                {
        -:  885:                    break;
        -:  886:                }
        -:  887:
    #####:  888:                retcode = Parameter_dbrpcparam(rpcparam, dbproc, keystr);
    #####:  889:                if (FAIL == retcode)
call    0 never executed
        -:  890:                {
        -:  891:                    break;
        -:  892:                }
        -:  893:            }
        -:  894:            while (0);
        -:  895:
    #####:  896:            Py_XDECREF(utf8key);
call    0 never executed
    #####:  897:            Py_XDECREF(rpcparam);
call    0 never executed
        -:  898:
    #####:  899:            if (PyErr_Occurred() || (FAIL == retcode))
call    0 never executed
branch  1 never executed
branch  2 never executed
branch  3 never executed
branch  4 never executed
        -:  900:            {
        -:  901:                break;
        -:  902:            }
        -:  903:        }
        -:  904:    }
    #####:  905:    if (FAIL == retcode)
branch  0 never executed
branch  1 never executed
        -:  906:    {
    #####:  907:        Connection_raise_lasterror(cursor->connection);
call    0 never executed
        -:  908:    }
        -:  909:
    #####:  910:    if (PyErr_Occurred())
call    0 never executed
branch  1 never executed
branch  2 never executed
        -:  911:    {
    #####:  912:        Py_DECREF(rpcparams);
branch  0 never executed
branch  1 never executed
        -:  913:        rpcparams = NULL;
        -:  914:    }
        -:  915:
        -:  916:    return rpcparams;
        -:  917:}
        -:  918:
        -:  919:
        -:  920:struct OutputParameter
        -:  921:{
        -:  922:    const char* name;
        -:  923:    enum TdsType tdstype;
        -:  924:    const void* data;
        -:  925:    size_t ndata;
        -:  926:};
        -:  927:
        -:  928:
        -:  929:/*
        -:  930:    Unbind Python objects from RPC parameters after completion of an RPC call.
        -:  931:
        -:  932:    This method sets an appropriate Python exception on failure.
        -:  933:
        -:  934:    @note This method requires the current thread own the GIL.
        -:  935:    @note A new reference is returned.
        -:  936:
        -:  937:    @param cursor [in] A Cusor object.
        -:  938:    @param rpcparams [in] A Python dict or tuple object of bound parameters.
        -:  939:        These are assumed to all be instances of type `struct Parameter`.
        -:  940:    @param outputparams [in] The output parameters returned by the RPC call.
        -:  941:    @param noutputparams [in] The number of output parameters in `outputparams`.
        -:  942:    @param noutputs [out] The number of output parameters seen.
        -:  943:
        -:  944:    @return A Python dict or tuple object containg the result parameters.
        -:  945:*/
function Cursor_unbind called 0 returned 0% blocks executed 0%
    #####:  946:static PyObject* Cursor_unbind(PyObject* rpcparams,
        -:  947:                               const struct OutputParameter* outputparams,
        -:  948:                               size_t noutputparams, size_t* noutputs)
        -:  949:{
    #####:  950:    PyObject* results = NULL;
    #####:  951:    *noutputs = 0;
    #####:  952:    if (PyTuple_Check(rpcparams))
branch  0 never executed
branch  1 never executed
        -:  953:    {
    #####:  954:        Py_ssize_t ix;
    #####:  955:        Py_ssize_t nrpcparams = PyTuple_GET_SIZE(rpcparams);
call    0 never executed
    #####:  956:        results = PyTuple_New(nrpcparams);
call    0 never executed
    #####:  957:        if (!results)
branch  0 never executed
branch  1 never executed
        -:  958:        {
    #####:  959:            PyErr_NoMemory();
    #####:  960:            return NULL;
call    0 never executed
        -:  961:        }
        -:  962:
    #####:  963:        for (ix = 0; ix < nrpcparams; ++ix)
branch  0 never executed
branch  1 never executed
        -:  964:        {
    #####:  965:            PyObject* output = NULL;
    #####:  966:            struct Parameter* rpcparam = (struct Parameter*)PyTuple_GET_ITEM(rpcparams, ix);
    #####:  967:            if (Parameter_output(rpcparam))
call    0 never executed
branch  1 never executed
branch  2 never executed
        -:  968:            {
    #####:  969:                if (*noutputs < noutputparams)
branch  0 never executed
branch  1 never executed
        -:  970:                {
    #####:  971:                    const struct OutputParameter* outputparam = &outputparams[*noutputs];
    #####:  972:                    sql_topython topython = sql_topython_lookup(outputparam->tdstype);
call    0 never executed
    #####:  973:                    assert(topython);
    #####:  974:                    output = topython(outputparam->tdstype,
    #####:  975:                                      outputparam->data,
    #####:  976:                                      outputparam->ndata);
call    0 never executed
        -:  977:                }
        -:  978:                else
        -:  979:                {
        -:  980:                    /*
        -:  981:                        If the parameter was not found, this is likely due to
        -:  982:                        the presence of a resultset. Return None for the
        -:  983:                        output parameter in this case.
        -:  984:                    */
    #####:  985:                    output = Py_None;
    #####:  986:                    Py_INCREF(output);
branch  0 never executed
branch  1 never executed
        -:  987:                }
    #####:  988:                ++(*noutputs);
        -:  989:            }
        -:  990:            else
        -:  991:            {
    #####:  992:                output = Parameter_value(rpcparam);
call    0 never executed
    #####:  993:                Py_INCREF(output);
branch  0 never executed
branch  1 never executed
        -:  994:            }
    #####:  995:            if (!output)
branch  0 never executed
branch  1 never executed
        -:  996:            {
        -:  997:                assert(PyErr_Occurred());
        -:  998:                break;
        -:  999:            }
    #####: 1000:            PyTuple_SET_ITEM(results, ix, output); /* output reference stolen by PyTuple_SET_ITEM */
        -: 1001:        }
        -: 1002:    }
        -: 1003:    else /* if (PyDict_Check(parameters)) */
        -: 1004:    {
    #####: 1005:        PyObject* key;
    #####: 1006:        PyObject* value;
    #####: 1007:        Py_ssize_t pos = 0;
        -: 1008:
    #####: 1009:        results = PyDict_New();
call    0 never executed
    #####: 1010:        if (!results)
branch  0 never executed
branch  1 never executed
        -: 1011:        {
    #####: 1012:            PyErr_NoMemory();
call    0 never executed
    #####: 1013:            return NULL;
        -: 1014:        }
        -: 1015:
    #####: 1016:        while (PyDict_Next(rpcparams, &pos, &key, &value))
branch  0 never executed
branch  1 never executed
        -: 1017:        {
    #####: 1018:            PyObject* output = NULL;
    #####: 1019:            struct Parameter* rpcparam = (struct Parameter*)value;
    #####: 1020:            if (Parameter_output(rpcparam))
call    0 never executed
branch  1 never executed
branch  2 never executed
        -: 1021:            {
    #####: 1022:                const struct OutputParameter* outputparam = NULL;
    #####: 1023:                const char* name;
    #####: 1024:                size_t ix;
        -: 1025:#if PY_MAJOR_VERSION < 3
        -: 1026:                PyObject* utf8key;
        -: 1027:                if (PyUnicode_Check(key))
        -: 1028:                {
        -: 1029:                    utf8key = PyUnicode_AsUTF8String(key);
        -: 1030:                    if (!utf8key)
        -: 1031:                    {
        -: 1032:                        break;
        -: 1033:                    }
        -: 1034:                }
        -: 1035:                else
        -: 1036:                {
        -: 1037:                    assert(PyString_Check(key));
        -: 1038:                    Py_INCREF(key);
        -: 1039:                    utf8key = key;
        -: 1040:                }
        -: 1041:                name = PyString_AS_STRING(utf8key);
        -: 1042:#else /* if PY_MAJOR_VERSION < 3 */
    #####: 1043:                name = PyUnicode_AsUTF8(key);
        -: 1044:#endif /* else if PY_MAJOR_VERSION < 3 */
    #####: 1045:                for (ix = 0; ix < noutputparams; ++ix)
call    0 never executed
branch  1 never executed
branch  2 never executed
        -: 1046:                {
    #####: 1047:                    if (strcmp(name, outputparams[ix].name) == 0)
branch  0 never executed
branch  1 never executed
        -: 1048:                    {
        -: 1049:                        outputparam = &outputparams[ix];
        -: 1050:                        break;
        -: 1051:                    }
        -: 1052:                }
        -: 1053:#if PY_MAJOR_VERSION < 3
        -: 1054:                Py_DECREF(utf8key);
        -: 1055:#endif /* if PY_MAJOR_VERSION < 3 */
    #####: 1056:                if (outputparam)
branch  0 never executed
branch  1 never executed
        -: 1057:                {
    #####: 1058:                    sql_topython topython = sql_topython_lookup(outputparam->tdstype);
call    0 never executed
    #####: 1059:                    assert(topython);
    #####: 1060:                    output = topython(outputparam->tdstype,
    #####: 1061:                                      outputparam->data,
    #####: 1062:                                      outputparam->ndata);
call    0 never executed
        -: 1063:                }
        -: 1064:                else
        -: 1065:                {
        -: 1066:                    /*
        -: 1067:                        If the parameter was not found, this is likely due to
        -: 1068:                        the presence of a resultset. Return None for the
        -: 1069:                        output parameter in this case.
        -: 1070:                    */
    #####: 1071:                    output = Py_None;
    #####: 1072:                    Py_INCREF(output);
branch  0 never executed
branch  1 never executed
        -: 1073:                }
    #####: 1074:                ++(*noutputs);
        -: 1075:            }
        -: 1076:            else
        -: 1077:            {
    #####: 1078:                output = Parameter_value(rpcparam);
call    0 never executed
    #####: 1079:                Py_INCREF(output);
branch  0 never executed
branch  1 never executed
        -: 1080:            }
    #####: 1081:            if (!output)
branch  0 never executed
branch  1 never executed
        -: 1082:            {
        -: 1083:                assert(PyErr_Occurred());
        -: 1084:                break;
        -: 1085:            }
    #####: 1086:            (void)PyDict_SetItem(results, key, output);
call    0 never executed
    #####: 1087:            Py_DECREF(output);
branch  0 never executed
branch  1 never executed
call    2 never executed
        -: 1088:        }
        -: 1089:    }
        -: 1090:
    #####: 1091:    if (PyErr_Occurred())
call    0 never executed
branch  1 never executed
branch  2 never executed
        -: 1092:    {
    #####: 1093:        Py_DECREF(results);
branch  0 never executed
branch  1 never executed
        -: 1094:        results = NULL;
        -: 1095:    }
        -: 1096:
        -: 1097:    return results;
        -: 1098:}
        -: 1099:
        -: 1100:/*
        -: 1101:    Bind input arguments to their SQL types, call a stored procedure, and
        -: 1102:    process the resulting output values.
        -: 1103:
        -: 1104:    @note This does not check the cursor state (i.e. open, connected).
        -: 1105:
        -: 1106:    @param cursor [in] The Cursor.
        -: 1107:    @param procname [in] The stored procedure name, UTF-8 encoded.
        -: 1108:    @param parameters [in] A Python dict or tuple containing the parameters
        -: 1109:        to the stored procedure. The arguments can be of any Python type.
        -: 1110:    @param kvpairs [in] Are the parameters passed as (key, value) pairs?
        -: 1111:        This is necessary to support ordered named parameters.
        -: 1112:
        -: 1113:    @return A copy of the input arguments, including any output parameters in
        -: 1114:        place.
        -: 1115:*/
function Cursor_callproc_internal called 0 returned 0% blocks executed 0%
    #####: 1116:static PyObject* Cursor_callproc_internal(struct Cursor* cursor, const char* procname,
        -: 1117:                                          PyObject* parameters, bool kvpairs)
        -: 1118:{
    #####: 1119:    PyObject* results = NULL;
        -: 1120:
    #####: 1121:    PyObject* rpcparams = NULL;
    #####: 1122:    struct OutputParameter* outputparams = NULL;
    #####: 1123:    DBINT retstatus;
        -: 1124:
    #####: 1125:    Connection_clear_lastwarning(cursor->connection);
call    0 never executed
        -: 1126:
    #####: 1127:    do
    #####: 1128:    {
    #####: 1129:        DBPROCESS* dbproc = Connection_DBPROCESS(cursor->connection);
call    0 never executed
        -: 1130:
    #####: 1131:        int error = -1;
    #####: 1132:        RETCODE retcode;
        -: 1133:
    #####: 1134:        int noutputparams = 0;
    #####: 1135:        size_t noutputs;
        -: 1136:
    #####: 1137:        if (FAIL == dbrpcinit(dbproc, procname, 0 /* options */))
call    0 never executed
branch  1 never executed
branch  2 never executed
        -: 1138:        {
    #####: 1139:            Connection_raise_lasterror(cursor->connection);
    #####: 1140:            break;
call    0 never executed
        -: 1141:        }
        -: 1142:
    #####: 1143:        rpcparams = Cursor_bind(cursor, parameters, kvpairs);
call    0 never executed
    #####: 1144:        if (!rpcparams)
branch  0 never executed
branch  1 never executed
        -: 1145:        {
        -: 1146:            /* Clear the RPC call initialization if it fails to send. */
    #####: 1147:            (void)dbrpcinit(dbproc, procname, DBRPCRESET);
    #####: 1148:            break;
call    0 never executed
        -: 1149:        }
        -: 1150:
    #####: 1151:        Cursor_clear_resultset(cursor);
branch  0 never executed
branch  1 never executed
        -: 1152:
    #####: 1153:        Py_BEGIN_ALLOW_THREADS
call    0 never executed
        -: 1154:
    #####: 1155:            do
    #####: 1156:            {
    #####: 1157:                retcode = dbcancel(dbproc);
call    0 never executed
    #####: 1158:                if (FAIL == retcode)
branch  0 never executed
branch  1 never executed
        -: 1159:                {
        -: 1160:                    break;
        -: 1161:                }
    #####: 1162:                retcode = dbrpcsend(dbproc);
call    0 never executed
    #####: 1163:                if (FAIL == retcode)
branch  0 never executed
branch  1 never executed
        -: 1164:                {
        -: 1165:                    break;
        -: 1166:                }
    #####: 1167:                retcode = dbsqlok(dbproc);
call    0 never executed
    #####: 1168:                if (FAIL == retcode)
branch  0 never executed
branch  1 never executed
        -: 1169:                {
        -: 1170:                    break;
        -: 1171:                }
        -: 1172:
    #####: 1173:                error = Cursor_next_resultset(cursor, &retcode);
call    0 never executed
    #####: 1174:                if (!error)
branch  0 never executed
branch  1 never executed
        -: 1175:                {
    #####: 1176:                    noutputparams = dbnumrets(dbproc);
call    0 never executed
        -: 1177:
    #####: 1178:                    if (noutputparams)
branch  0 never executed
branch  1 never executed
        -: 1179:                    {
    #####: 1180:                        int ix;
        -: 1181:
    #####: 1182:                        outputparams = tds_mem_calloc((size_t)noutputparams, sizeof(struct OutputParameter));
    #####: 1183:                        if (!outputparams)
branch  0 never executed
branch  1 never executed
        -: 1184:                        {
        -: 1185:                            break;
        -: 1186:                        }
        -: 1187:
    #####: 1188:                        for (ix = 0; ix < noutputparams; ++ix)
branch  0 never executed
branch  1 never executed
        -: 1189:                        {
    #####: 1190:                            outputparams[ix].name = (const char*)dbretname(dbproc, ix + 1);
call    0 never executed
    #####: 1191:                            outputparams[ix].tdstype = (enum TdsType)dbrettype(dbproc, ix + 1);
call    0 never executed
    #####: 1192:                            outputparams[ix].data = (const void*)dbretdata(dbproc, ix + 1);
call    0 never executed
    #####: 1193:                            outputparams[ix].ndata = (size_t)dbretlen(dbproc, ix + 1);
call    0 never executed
        -: 1194:                        }
        -: 1195:                    }
    #####: 1196:                    retstatus = dbretstatus(dbproc);
call    0 never executed
        -: 1197:                }
        -: 1198:            } while (0);
        -: 1199:
    #####: 1200:        Py_END_ALLOW_THREADS
call    0 never executed
        -: 1201:
    #####: 1202:        if (FAIL == retcode)
branch  0 never executed
branch  1 never executed
        -: 1203:        {
    #####: 1204:            Connection_raise_lasterror(cursor->connection);
    #####: 1205:            break;
call    0 never executed
        -: 1206:        }
    #####: 1207:        if (error)
branch  0 never executed
branch  1 never executed
        -: 1208:        {
    #####: 1209:            assert(FAIL != retcode);
    #####: 1210:            PyErr_NoMemory();
    #####: 1211:            break;
call    0 never executed
        -: 1212:        }
        -: 1213:
    #####: 1214:        results = Cursor_unbind(rpcparams,
call    0 never executed
        -: 1215:                                outputparams,
        -: 1216:                                (size_t)noutputparams,
        -: 1217:                                &noutputs);
    #####: 1218:        if ((NULL != results) && (noutputs > 0) && (NO_MORE_RESULTS != retcode))
branch  0 never executed
branch  1 never executed
branch  2 never executed
branch  3 never executed
branch  4 never executed
branch  5 never executed
        -: 1219:        {
        -: 1220:            /*
        -: 1221:                TDS returns output parameter data (and status) only after all
        -: 1222:                resultsets have been read. This is inherently incompatible with
        -: 1223:                the DB API 2.0 interface. If an attempt is made to use the API
        -: 1224:                in this way, return the resultsets and raise a warning.
        -: 1225:            */
    #####: 1226:            if (0 != PyErr_WarnEx(PyExc_Warning,
call    0 never executed
branch  1 never executed
branch  2 never executed
        -: 1227:                                  "output parameters are not supported with result sets",
        -: 1228:                                  1))
        -: 1229:            {
    #####: 1230:                Py_DECREF(results);
branch  0 never executed
branch  1 never executed
        -: 1231:                results = NULL;
        -: 1232:                break;
        -: 1233:            }
        -: 1234:        }
        -: 1235:    } while (0);
        -: 1236:
    #####: 1237:    if (!PyErr_Occurred())
call    0 never executed
branch  1 never executed
branch  2 never executed
        -: 1238:    {
    #####: 1239:        if (0 != Connection_raise_lastwarning(cursor->connection))
call    0 never executed
branch  1 never executed
branch  2 never executed
        -: 1240:        {
    #####: 1241:            assert(PyErr_Occurred());
    #####: 1242:            Py_DECREF(results);
branch  0 never executed
branch  1 never executed
        -: 1243:            results = NULL;
        -: 1244:        }
        -: 1245:    }
        -: 1246:
    #####: 1247:    tds_mem_free(outputparams);
        -: 1248:
    #####: 1249:    Py_XDECREF(rpcparams);
call    0 never executed
        -: 1250:
    #####: 1251:    return results;
        -: 1252:
        -: 1253:    /* $TODO: figure out some way to expose the sproc return status. */
    #####: 1254:    UNUSED(retstatus);
        -: 1255:}
        -: 1256:
        -: 1257:/* https://www.python.org/dev/peps/pep-0249/#callproc */
        -: 1258:static const char s_Cursor_callproc_doc[] =
        -: 1259:    "callproc(sproc, parameters)\n"
        -: 1260:    "\n"
        -: 1261:    "Call a stored database procedure with the given name. The sequence of\n"
        -: 1262:    "parameters must contain one entry for each argument that the procedure\n"
        -: 1263:    "expects. The result of the call is returned as modified copy of the input\n"
        -: 1264:    "sequence. Input parameters are left untouched. Output and input/output\n"
        -: 1265:    "parameters are replaced with output values.\n"
        -: 1266:    "\n"
        -: 1267:    ".. warning:: Due to `FreeTDS` implementation details, stored procedures\n"
        -: 1268:    "    with both output parameters and resultsets are not supported.\n"
        -: 1269:    "\n"
        -: 1270:    ".. warning:: Currently `FreeTDS` does not support passing empty string\n"
        -: 1271:    "    parameters. Empty strings are converted to `NULL` values internally\n"
        -: 1272:    "    before being transmitted to the database.\n"
        -: 1273:    "\n"
        -: 1274:    ":pep:`0249#callproc`\n"
        -: 1275:    "\n"
        -: 1276:    ":param str sproc: The name of the stored procedure to execute.\n"
        -: 1277:
        -: 1278:    ":param parameters: Parameters to pass to the stored procedure.\n"
        -: 1279:    "    Parameters passed in a :py:class:`dict` must map from the parameter\n"
        -: 1280:    "    name to value and start with the **@** character. Parameters passed\n"
        -: 1281:    "    in a :py:class:`tuple` are passed in the tuple order.\n"
        -: 1282:    ":type parameters: dict or tuple\n"
        -: 1283:
        -: 1284:    ":return: The input `parameters` with any output parameters replaced with\n"
        -: 1285:    "    the output values.\n"
        -: 1286:    ":rtype: dict or tuple\n";
        -: 1287:
function Cursor_callproc called 0 returned 0% blocks executed 0%
    #####: 1288:static PyObject* Cursor_callproc(PyObject* self, PyObject* args)
        -: 1289:{
    #####: 1290:    struct Cursor* cursor = (struct Cursor*)self;
        -: 1291:
    #####: 1292:    char* procname = NULL;
    #####: 1293:    PyObject* parameters = NULL;
    #####: 1294:    if (!PyArg_ParseTuple(args, "sO", &procname, &parameters))
call    0 never executed
branch  1 never executed
branch  2 never executed
        -: 1295:    {
        -: 1296:        return NULL;
        -: 1297:    }
        -: 1298:    /*
        -: 1299:        Allow either a tuple or dictionary for the stored procedure arguments.
        -: 1300:        Note that this is a deviation from the DB API 2.0 specification.
        -: 1301:    */
    #####: 1302:    if (!PyDict_Check(parameters) && !PyTuple_Check(parameters))
branch  0 never executed
branch  1 never executed
branch  2 never executed
branch  3 never executed
        -: 1303:    {
    #####: 1304:        PyErr_SetString(PyExc_TypeError, "must be dict or tuple");
    #####: 1305:        return NULL;
call    0 never executed
        -: 1306:    }
        -: 1307:
    #####: 1308:    Cursor_verify_open(cursor);
branch  0 never executed
branch  1 never executed
call    2 never executed
    #####: 1309:    Cursor_verify_connection_open(cursor);
call    0 never executed
branch  1 never executed
branch  2 never executed
call    3 never executed
        -: 1310:
    #####: 1311:    return Cursor_callproc_internal(cursor, procname, parameters, false);
call    0 never executed
        -: 1312:}
        -: 1313:
        -: 1314:/* https://www.python.org/dev/peps/pep-0249/#Cursor.close */
        -: 1315:static const char s_Cursor_close_doc[] =
        -: 1316:    "close()\n"
        -: 1317:    "\n"
        -: 1318:    "Close the cursor.\n"
        -: 1319:    "\n"
        -: 1320:    ":pep:`0249#Cursor.close`\n";
        -: 1321:
function Cursor_close called 0 returned 0% blocks executed 0%
    #####: 1322:static PyObject* Cursor_close(PyObject* self, PyObject* args)
        -: 1323:{
    #####: 1324:    struct Cursor* cursor = (struct Cursor*)self;
        -: 1325:
    #####: 1326:    Cursor_verify_open(cursor);
branch  0 never executed
branch  1 never executed
call    2 never executed
        -: 1327:
    #####: 1328:    Cursor_close_connection(cursor);
        -: 1329:
    #####: 1330:    Py_RETURN_NONE;
call    0 never executed
    #####: 1331:    UNUSED(args);
        -: 1332:}
        -: 1333:
        -: 1334:
        -: 1335:/*
        -: 1336:    Append one string to an existing one by reallocating the existing string.
        -: 1337:    This will free the existing string if the reallocation fails.
        -: 1338:*/
function strappend called 0 returned 0% blocks executed 0%
    #####: 1339:static char* strappend(char* existing, size_t nexisting, const char* suffix, size_t nsuffix)
        -: 1340:{
    #####: 1341:    char* tmp = (char*)tds_mem_realloc(existing, nexisting + nsuffix + 1 /* '\0' */);
    #####: 1342:    if (tmp)
branch  0 never executed
branch  1 never executed
        -: 1343:    {
    #####: 1344:        memcpy(tmp + nexisting, suffix, nsuffix);
    #####: 1345:        tmp[nexisting + nsuffix] = '\0';
        -: 1346:    }
        -: 1347:    else
        -: 1348:    {
    #####: 1349:        tds_mem_free(existing);
        -: 1350:    }
    #####: 1351:    return tmp;
        -: 1352:}
        -: 1353:
        -: 1354:
        -: 1355:/*
        -: 1356:    Generate a SQL statement suitable for use as the `@stmt` parameter to
        -: 1357:    sp_executesql or format the SQL statement for direct execution.
        -: 1358:
        -: 1359:    @param format [in] The SQL command format string.
        -: 1360:    @param paramstyle [in] The paramstyle used in the format string.
        -: 1361:    @param parameters [in] The parameters available.
        -: 1362:    @param nparameters [in] The number of parameters available.
        -: 1363:    @param maximum_width [in] Generate types with MAX width for variable width types.
        -: 1364:    @param nsql [out] The length of the generated SQL string, in bytes.
        -: 1365:
        -: 1366:    @return The utf-8 formatted SQL statement. The caller is responsible freeing the returned value.
        -: 1367:*/
function build_executesql_stmt called 0 returned 0% blocks executed 0%
    #####: 1368:static char* build_executesql_stmt(DBPROCESS* dbproc,
        -: 1369:                                   const char* format,
        -: 1370:                                   enum ParamStyle paramstyle,
        -: 1371:                                   PyObject* parameters,
        -: 1372:                                   Py_ssize_t nparameters,
        -: 1373:                                   bool maximum_width,
        -: 1374:                                   size_t* nsql)
        -: 1375:{
    #####: 1376:    char* sql = NULL;
    #####: 1377:    *nsql = 0;
    #####: 1378:    do
    #####: 1379:    {
    #####: 1380:        bool literal = false; /* currently in a string literal? */
        -: 1381:
        -: 1382:        /* Construct the SQL query string. */
    #####: 1383:        const char* chunk = format; /* the start of the next chunk to copy */
    #####: 1384:        size_t nchunk = 0;
    #####: 1385:        while ('\0' != *format)
branch  0 never executed
branch  1 never executed
        -: 1386:        {
        -: 1387:            /* \' characters can only be escaped in string literals. */
    #####: 1388:            if ('\'' == *format)
branch  0 never executed
branch  1 never executed
        -: 1389:            {
    #####: 1390:                literal = !literal;
    #####: 1391:                format++;
        -: 1392:            }
    #####: 1393:            else if (!literal && (':' == *format))
branch  0 never executed
branch  1 never executed
branch  2 never executed
branch  3 never executed
        -: 1394:            {
    #####: 1395:                char* param = NULL;
    #####: 1396:                size_t nparam = 0;
        -: 1397:
    #####: 1398:                do
    #####: 1399:                {
    #####: 1400:                    long int paramnum = -1;
    #####: 1401:                    const char* parammarker_start = format + 1; /* skip over the ':' */
    #####: 1402:                    char* parammarker_end = (char*)parammarker_start;
        -: 1403:
        -: 1404:#if !defined(CTDS_USE_SP_EXECUTESQL)
        -: 1405:                    PyObject* oparam = NULL;
        -: 1406:#endif /* !defined(CTDS_USE_SP_EXECUTESQL) */
        -: 1407:
    #####: 1408:                    nchunk = (size_t)(format - chunk);
        -: 1409:
        -: 1410:                    /* Append the prior chunk. */
    #####: 1411:                    sql = strappend(sql, *nsql, chunk, nchunk);
call    0 never executed
    #####: 1412:                    if (!sql)
branch  0 never executed
branch  1 never executed
        -: 1413:                    {
    #####: 1414:                        PyErr_NoMemory();
    #####: 1415:                        break;
call    0 never executed
        -: 1416:                    }
        -: 1417:
    #####: 1418:                    if (ParamStyle_numeric == paramstyle)
branch  0 never executed
branch  1 never executed
        -: 1419:                    {
    #####: 1420:                        paramnum = strtol(parammarker_start, &parammarker_end, 10);
call    0 never executed
    #####: 1421:                        if (parammarker_start == parammarker_end)
branch  0 never executed
branch  1 never executed
        -: 1422:                        {
        -: 1423:                            /* Missing the index following the parameter marker. */
    #####: 1424:                            PyErr_Format(PyExc_tds_InterfaceError, "invalid parameter marker");
    #####: 1425:                            break;
call    0 never executed
        -: 1426:                        }
    #####: 1427:                        if ((0 > paramnum) || (paramnum >= nparameters))
branch  0 never executed
branch  1 never executed
        -: 1428:                        {
    #####: 1429:                            PyErr_Format(PyExc_IndexError, "%ld", paramnum);
    #####: 1430:                            break;
call    0 never executed
        -: 1431:                        }
        -: 1432:                    }
        -: 1433:                    else
        -: 1434:                    {
        -: 1435:                        assert(ParamStyle_named == paramstyle);
    #####: 1436:                        while (isalnum(*parammarker_end) || '_' == *parammarker_end)
branch  0 never executed
branch  1 never executed
branch  2 never executed
branch  3 never executed
        -: 1437:                        {
    #####: 1438:                            ++parammarker_end;
        -: 1439:                        }
        -: 1440:                    }
        -: 1441:
        -: 1442:#if defined(CTDS_USE_SP_EXECUTESQL)
    #####: 1443:                    if (ParamStyle_numeric == paramstyle)
branch  0 never executed
branch  1 never executed
        -: 1444:                    {
    #####: 1445:                        param = tds_mem_malloc(ARRAYSIZE("@param" STRINGIFY(UINT64_MAX)));
    #####: 1446:                        if (param)
branch  0 never executed
branch  1 never executed
        -: 1447:                        {
    #####: 1448:                            assert(-1 != paramnum);
    #####: 1449:                            nparam = (size_t)sprintf(param, "@param%u", (unsigned int)paramnum);
        -: 1450:                        }
        -: 1451:                        UNUSED(parameters);
        -: 1452:                    }
        -: 1453:                    else
        -: 1454:                    {
    #####: 1455:                        assert(parammarker_end >= parammarker_start);
    #####: 1456:                        nparam = 1 /* @ */ + (size_t)(parammarker_end - parammarker_start);
    #####: 1457:                        param = tds_mem_malloc(nparam + 1 /* '\0' */);
    #####: 1458:                        if (param)
branch  0 never executed
branch  1 never executed
        -: 1459:                        {
    #####: 1460:                            char* paramname;
    #####: 1461:                            param[0] = '@';
[...]
branch  0 never executed
branch  1 never executed
call    2 never executed
    #####: 3516:    unsigned PY_LONG_LONG size = 0;
call    0 never executed
branch  1 never executed
branch  2 never executed
call    3 never executed
    #####: 3517:    if (!PyArg_ParseTupleAndKeywords(args, kwargs, "|K", s_kwlist, &size))
branch  0 never executed
branch  1 never executed
        -: 3518:    {
    #####: 3519:        return NULL;
call    0 never executed
        -: 3520:    }
    #####: 3521:    Cursor_verify_open(cursor);
call    0 never executed
        -: 3522:    Cursor_verify_connection_open(cursor);
    #####: 3523:
call    0 never executed
        -: 3524:    return (PyObject*)Cursor_fetchrows(cursor, (size_t)((size) ? size : cursor->arraysize));
    #####: 3525:}
branch  0 never executed
branch  1 never executed
        -: 3526:
    #####: 3527:/* https://www.python.org/dev/peps/pep-0249/#fetchall */
branch  0 never executed
branch  1 never executed
        -: 3528:static const char s_Cursor_fetchall_doc[] =
    #####: 3529:    "fetchall()\n"
call    0 never executed
        -: 3530:    "\n"
        -: 3531:    "Fetch all (remaining) rows of a query result, returning them as a\n"
        -: 3532:    "sequence of sequences.\n"
        -: 3533:    "\n"
    #####: 3534:    ":pep:`0249#fetchall`\n"
call    0 never executed
        -: 3535:    "\n"
    #####: 3536:    ":return: A sequence of result rows.\n"
        -: 3537:    ":rtype: k_ctds.RowList\n";
        -: 3538:
    #####: 3539:static PyObject* Cursor_fetchall(PyObject* self, PyObject* args)
branch  0 never executed
branch  1 never executed
        -: 3540:{
        -: 3541:    struct Cursor* cursor = (struct Cursor*)self;
        -: 3542:    Cursor_verify_open(cursor);
        -: 3543:    Cursor_verify_connection_open(cursor);
        -: 3544:
    #####: 3545:    return (PyObject*)Cursor_fetchrows(cursor, FETCH_ALL);
        -: 3546:    UNUSED(args);
    #####: 3547:}
        -: 3548:
        -: 3549:/* https://www.python.org/dev/peps/pep-0249/#nextset */
        -: 3550:static const char s_Cursor_nextset_doc[] =
        -: 3551:    "nextset()\n"
        -: 3552:    "\n"
        -: 3553:    "Skip to the next available set, discarding any remaining rows from the\n"
        -: 3554:    "current set.\n"
        -: 3555:    "\n"
        -: 3556:    ":pep:`0249#nextset`\n"
        -: 3557:    "\n"
function Cursor_setinputsizes called 0 returned 0% blocks executed 0%
    #####: 3558:    ":return:\n"
        -: 3559:    "    :py:data:`True` if there was another result set or :py:data:`None`\n"
    #####: 3560:    "    if not.\n"
    #####: 3561:    ":rtype: bool\n";
    #####: 3562:
        -: 3563:static PyObject* Cursor_nextset(PyObject* self, PyObject* args)
        -: 3564:{
        -: 3565:    RETCODE retcode;
        -: 3566:    int error;
        -: 3567:
        -: 3568:    struct Cursor* cursor = (struct Cursor*)self;
        -: 3569:    Cursor_verify_open(cursor);
        -: 3570:    Cursor_verify_connection_open(cursor);
        -: 3571:    Cursor_clear_resultset(cursor);
        -: 3572:
function Cursor_setoutputsize called 0 returned 0% blocks executed 0%
    #####: 3573:    Py_BEGIN_ALLOW_THREADS
        -: 3574:
    #####: 3575:        error = Cursor_next_resultset(cursor, &retcode);
    #####: 3576:
    #####: 3577:    Py_END_ALLOW_THREADS
        -: 3578:
        -: 3579:    if (error)
        -: 3580:    {
        -: 3581:        if (FAIL == retcode)
        -: 3582:        {
        -: 3583:            Connection_raise_lasterror(cursor->connection);
        -: 3584:        }
        -: 3585:        else
        -: 3586:        {
        -: 3587:            /* Assume out of memory. */
        -: 3588:            PyErr_NoMemory();
        -: 3589:        }
        -: 3590:        return NULL;
        -: 3591:    }
        -: 3592:
        -: 3593:    if (cursor->description)
function Cursor_next_internal called 0 returned 0% blocks executed 0%
    #####: 3594:    {
        -: 3595:        Py_RETURN_TRUE;
    #####: 3596:    }
call    0 never executed
    #####: 3597:    else
branch  0 never executed
branch  1 never executed
        -: 3598:    {
    #####: 3599:        Py_RETURN_NONE;
call    0 never executed
    #####: 3600:    }
branch  0 never executed
branch  1 never executed
        -: 3601:    UNUSED(args);
        -: 3602:}
    #####: 3603:
        -: 3604:/* https://www.python.org/dev/peps/pep-0249/#setinputsizes */
        -: 3605:static const char s_Cursor_setinputsizes_doc[] =
function Cursor_next called 0 returned 0% blocks executed 0%
    #####: 3606:    "setinputsizes()\n"
        -: 3607:    "\n"
    #####: 3608:    "This method has no effect.\n"
call    0 never executed
branch  1 never executed
branch  2 never executed
        -: 3609:    "\n"
        -: 3610:    ":pep:`0249#setinputsizes`\n";
        -: 3611:
    #####: 3612:static PyObject* Cursor_setinputsizes(PyObject* self, PyObject* args)
call    0 never executed
        -: 3613:{
        -: 3614:    Py_RETURN_NONE;
        -: 3615:    UNUSED(self);
        -: 3616:    UNUSED(args);
        -: 3617:}
        -: 3618:
        -: 3619:/* https://www.python.org/dev/peps/pep-0249/#setoutputsize */
        -: 3620:static const char s_Cursor_setoutputsize_doc[] =
        -: 3621:    "setoutputsize()\n"
        -: 3622:    "\n"
        -: 3623:    "This method has no effect.\n"
function Cursor___enter__ called 0 returned 0% blocks executed 0%
    #####: 3624:    "\n"
        -: 3625:    ":pep:`0249#setoutputsize`\n";
    #####: 3626:
branch  0 never executed
branch  1 never executed
        -: 3627:static PyObject* Cursor_setoutputsize(PyObject* self, PyObject* args)
    #####: 3628:{
    #####: 3629:    Py_RETURN_NONE;
        -: 3630:    UNUSED(self);
        -: 3631:    UNUSED(args);
        -: 3632:}
        -: 3633:
        -: 3634:/* https://www.python.org/dev/peps/pep-0249/#next */
        -: 3635:static const char s_Cursor_next_doc[] =
        -: 3636:    "next()\n"
        -: 3637:    "\n"
        -: 3638:    "Return the next row from the currently executing SQL statement using the\n"
        -: 3639:    "same semantics as :py:meth:`.fetchone`. A :py:exc:`StopIteration` exception\n"
        -: 3640:    "is raised when the result set is exhausted.\n"
        -: 3641:    "\n"
        -: 3642:    ":pep:`0249#next`\n"
        -: 3643:    "\n"
        -: 3644:    ":raises StopIteration: The result set is exhausted.\n"
        -: 3645:    "\n"
function Cursor___exit__ called 0 returned 0% blocks executed 0%
    #####: 3646:    ":return: The next row.\n";
        -: 3647:
    #####: 3648:static PyObject* Cursor_next_internal(PyObject* self, PyObject* args)
call    0 never executed
    #####: 3649:{
        -: 3650:    PyObject* row = Cursor_fetchone(self, args);
        -: 3651:    if (Py_None == row)
        -: 3652:    {
        -: 3653:        PyErr_SetNone(PyExc_StopIteration);
        -: 3654:        Py_DECREF(row);
        -: 3655:        row = NULL;
        -: 3656:    }
        -: 3657:    return row;
        -: 3658:}
        -: 3659:
        -: 3660:static PyObject* Cursor_next(PyObject* self, PyObject* args)
        -: 3661:{
        -: 3662:    if (0 != warn_extension_used("cursor.next()"))
        -: 3663:    {
        -: 3664:        return NULL;
        -: 3665:    }
        -: 3666:    return Cursor_next_internal(self, args);
        -: 3667:}
        -: 3668:
        -: 3669:static const char s_Cursor___enter___doc[] =
        -: 3670:    "__enter__()\n"
        -: 3671:    "\n"
        -: 3672:    "Enter the cursor's runtime context. On exit, the cursor is\n"
        -: 3673:    "closed automatically.\n"
        -: 3674:    "\n"
        -: 3675:    ":return: The cursor object.\n"
        -: 3676:    ":rtype: k_ctds.Cursor\n";
        -: 3677:
        -: 3678:static PyObject* Cursor___enter__(PyObject* self, PyObject* args)
        -: 3679:{
        -: 3680:    Py_INCREF(self);
        -: 3681:
        -: 3682:    return self;
        -: 3683:    UNUSED(args);
        -: 3684:}
        -: 3685:
        -: 3686:static const char s_Cursor___exit___doc[] =
        -: 3687:    "__exit__(exc_type, exc_val, exc_tb)\n"
        -: 3688:    "\n"
        -: 3689:    "Exit the cursor's runtime context, closing the cursor.\n"
        -: 3690:    "\n"
function Cursor_iter called 0 returned 0% blocks executed 0%
    #####: 3691:    ":param type exc_type: The exception type, if an exception\n"
        -: 3692:    "    is raised in the context, otherwise :py:data:`None`.\n"
    #####: 3693:    ":param Exception exc_val: The exception value, if an exception\n"
call    0 never executed
branch  1 never executed
branch  2 never executed
        -: 3694:    "    is raised in the context, otherwise :py:data:`None`.\n"
        -: 3695:    ":param object exc_tb: The exception traceback, if an exception\n"
        -: 3696:    "    is raised in the context, otherwise :py:data:`None`.\n"
    #####: 3697:    "\n"
branch  0 never executed
branch  1 never executed
        -: 3698:    ":returns: :py:data:`None`\n";
        -: 3699:
        -: 3700:static PyObject* Cursor___exit__(PyObject* self, PyObject* args)
function Cursor_iternext called 0 returned 0% blocks executed 0%
    #####: 3701:{
        -: 3702:    return Cursor_close(self, NULL);
    #####: 3703:    UNUSED(args);
call    0 never executed
        -: 3704:}
        -: 3705:
function Cursor_create called 0 returned 0% blocks executed 0%
    #####: 3706:#if defined(__GNUC__) && (__GNUC__ > 7)
        -: 3707:#  pragma GCC diagnostic push
    #####: 3708:#  pragma GCC diagnostic ignored "-Wcast-function-type"
call    0 never executed
    #####: 3709:#endif /* if defined(__GNUC__) && (__GNUC__ > 7) */
branch  0 never executed
branch  1 never executed
        -: 3710:
    #####: 3711:static PyMethodDef Cursor_methods[] = {
        -: 3712:    /* ml_name, ml_meth, ml_flags, ml_doc */
        -: 3713:    /* DB API-2.0 required methods. */
        -: 3714:    { "callproc",      Cursor_callproc,              METH_VARARGS,                  s_Cursor_callproc_doc },
        -: 3715:    { "close",         Cursor_close,                 METH_NOARGS,                   s_Cursor_close_doc },
        -: 3716:    { "execute",       Cursor_execute,               METH_VARARGS,                  s_Cursor_execute_doc },
        -: 3717:    { "executemany",   Cursor_executemany,           METH_VARARGS,                  s_Cursor_executemany_doc },
    #####: 3718:    { "fetchone",      Cursor_fetchone,              METH_NOARGS,                   s_Cursor_fetchone_doc },
        -: 3719:    /*
    #####: 3720:        fetchmany does not have *args, but the flag is required for kwargs to function properly.
        -: 3721:        See https://bugs.python.org/issue15657.
    #####: 3722:    */
branch  0 never executed
branch  1 never executed
    #####: 3723:    { "fetchmany",     (PyCFunction)Cursor_fetchmany, METH_VARARGS | METH_KEYWORDS, s_Cursor_fetchmany_doc },
        -: 3724:    { "fetchall",      Cursor_fetchall,               METH_NOARGS,                  s_Cursor_fetchall_doc },
        -: 3725:    { "nextset",       Cursor_nextset,                METH_NOARGS,                  s_Cursor_nextset_doc },
        -: 3726:    { "setinputsizes", Cursor_setinputsizes,          METH_VARARGS,                 s_Cursor_setinputsizes_doc },
    #####: 3727:    { "setoutputsize", Cursor_setoutputsize,          METH_VARARGS,                 s_Cursor_setoutputsize_doc },
call    0 never executed
        -: 3728:
        -: 3729:    /*
        -: 3730:        DB API-2.0 extensions. See
    #####: 3731:        https://www.python.org/dev/peps/pep-0249/#optional-db-api-extensions
        -: 3732:    */
        -: 3733:    { "next",          Cursor_next,                  METH_NOARGS,                   s_Cursor_next_doc },
        -: 3734:
        -: 3735:    /* Non-DB API 2.0 methods. */
        -: 3736:    { "__enter__",     Cursor___enter__,             METH_NOARGS,                   s_Cursor___enter___doc },
        -: 3737:    { "__exit__",      Cursor___exit__,              METH_VARARGS,                  s_Cursor___exit___doc },
        -: 3738:    { NULL,            NULL,                         0,                             NULL }
        -: 3739:};
        -: 3740:
        -: 3741:#if defined(__GNUC__) && (__GNUC__ > 7)
        -: 3742:#  pragma GCC diagnostic pop
        -: 3743:#endif
        -: 3744:
        -: 3745:static PyObject* Cursor_iter(PyObject* self)
        -: 3746:{
        -: 3747:    if (0 != warn_extension_used("cursor.__iter__()"))
        -: 3748:    {
        -: 3749:        return NULL;
        -: 3750:    }
        -: 3751:    Py_INCREF(self);
        -: 3752:    return self;
        -: 3753:}
        -: 3754:
        -: 3755:static PyObject* Cursor_iternext(PyObject* self)
        -: 3756:{
        -: 3757:    return Cursor_next_internal(self, NULL);
        -: 3758:}
        -: 3759:
        -: 3760:PyObject* Cursor_create(struct Connection* connection, enum ParamStyle paramstyle)
        -: 3761:{
        -: 3762:    struct Cursor* cursor = PyObject_New(struct Cursor, &CursorType);
        -: 3763:    if (NULL != cursor)
        -: 3764:    {
        -: 3765:        memset((char*)cursor + offsetof(struct Cursor, connection), 0,
        -: 3766:               (sizeof(struct Cursor) - offsetof(struct Cursor, connection)));
        -: 3767:
        -: 3768:        /*
        -: 3769:            Defaults the arraysize to 1, per
        -: 3770:            https://www.python.org/dev/peps/pep-0249/#arraysize
        -: 3771:        */
        -: 3772:        cursor->arraysize = 1;
        -: 3773:
        -: 3774:        cursor->paramstyle = paramstyle;
        -: 3775:
        -: 3776:        Py_INCREF((PyObject*)connection);
        -: 3777:        cursor->connection = connection;
        -: 3778:    }
        -: 3779:    else
        -: 3780:    {
        -: 3781:        PyErr_NoMemory();
        -: 3782:    }
        -: 3783:
        -: 3784:
        -: 3785:    return (PyObject*)cursor;
        -: 3786:}
        -: 3787:
        -: 3788:
        -: 3789:static PyObject* Cursor_repr(PyObject* self)
        -: 3790:{
        -: 3791:    struct Cursor* cursor = (struct Cursor*)self;
        -: 3792:    if (!cursor->connection)
        -: 3793:    {
        -: 3794:        return PyUnicode_FromString("<k_ctds.Cursor (closed)>");
        -: 3795:    }
        -: 3796:    else if (cursor->description)
        -: 3797:    {
        -: 3798:        return PyUnicode_FromFormat(
        -: 3799:            "<k_ctds.Cursor (open, %zd columns)>",
        -: 3800:            (Py_ssize_t)cursor->description->ncolumns
function CursorType_init called 0 returned 0% blocks executed 0%
    #####: 3801:        );
        -: 3802:    }
    #####: 3803:    else
        -: 3804:    {
    #####: 3805:        return PyUnicode_FromString("<k_ctds.Cursor (open)>");
call    0 never executed
branch  1 never executed
branch  2 never executed
    #####: 3806:    }
call    0 never executed
branch  1 never executed
branch  2 never executed
    #####: 3807:}
call    0 never executed
branch  1 never executed
branch  2 never executed
    #####: 3808:
call    0 never executed
branch  1 never executed
branch  2 never executed
        -: 3809:#pragma GCC diagnostic push
        -: 3810:#pragma GCC diagnostic ignored "-Wmissing-field-initializers"
        -: 3811:PyTypeObject CursorType = {
        -: 3812:    PyVarObject_HEAD_INIT(NULL, 0)
        -: 3813:    "k_ctds.Cursor",                /* tp_name */
        -: 3814:    sizeof(struct Cursor),        /* tp_basicsize */
        -: 3815:    0,                            /* tp_itemsize */
        -: 3816:    Cursor_dealloc,               /* tp_dealloc */
        -: 3817:#if PY_VERSION_HEX >= 0x03080000
        -: 3818:    0,                            /* tp_vectorcall_offset */
        -: 3819:#else
        -: 3820:    NULL,                         /* tp_print */
        -: 3821:#endif /* if PY_VERSION_HEX >= 0x03080000 */
        -: 3822:    NULL,                         /* tp_getattr */
        -: 3823:    NULL,                         /* tp_setattr */
        -: 3824:    NULL,                         /* tp_reserved */
        -: 3825:    Cursor_repr,                  /* tp_repr */
        -: 3826:    NULL,                         /* tp_as_number */
        -: 3827:    NULL,                         /* tp_as_sequence */
        -: 3828:    NULL,                         /* tp_as_mapping */
        -: 3829:    NULL,                         /* tp_hash */
        -: 3830:    NULL,                         /* tp_call */
        -: 3831:    NULL,                         /* tp_str */
        -: 3832:    NULL,                         /* tp_getattro */
        -: 3833:    NULL,                         /* tp_setattro */
        -: 3834:    NULL,                         /* tp_as_buffer */
        -: 3835:    Py_TPFLAGS_DEFAULT,           /* tp_flags */
        -: 3836:    s_tds_Cursor_doc,             /* tp_doc */
        -: 3837:    NULL,                         /* tp_traverse */
        -: 3838:    NULL,                         /* tp_clear */
        -: 3839:    NULL,                         /* tp_richcompare */
        -: 3840:    0,                            /* tp_weaklistoffset */
        -: 3841:    Cursor_iter,                  /* tp_iter */
        -: 3842:    Cursor_iternext,              /* tp_iternext */
        -: 3843:    Cursor_methods,               /* tp_methods */
        -: 3844:    NULL,                         /* tp_members */
        -: 3845:    Cursor_getset,                /* tp_getset */
        -: 3846:    NULL,                         /* tp_base */
        -: 3847:    NULL,                         /* tp_dict */
        -: 3848:    NULL,                         /* tp_descr_get */
        -: 3849:    NULL,                         /* tp_descr_set */
        -: 3850:    0,                            /* tp_dictoffset */
        -: 3851:    NULL,                         /* tp_init */
        -: 3852:    NULL,                         /* tp_alloc */
        -: 3853:    NULL,                         /* tp_new */
        -: 3854:    NULL,                         /* tp_free */
        -: 3855:    NULL,                         /* tp_is_gc */
        -: 3856:    NULL,                         /* tp_bases */
        -: 3857:    NULL,                         /* tp_mro */
        -: 3858:    NULL,                         /* tp_cache */
        -: 3859:    NULL,                         /* tp_subclasses */
        -: 3860:    NULL,                         /* tp_weaklist */
        -: 3861:    NULL,                         /* tp_del */
        -: 3862:    0,                            /* tp_version_tag */
        -: 3863:#if PY_VERSION_HEX >= 0x03040000
        -: 3864:    NULL,                         /* tp_finalize */
        -: 3865:#endif /* if PY_VERSION_HEX >= 0x03040000 */
        -: 3866:#if PY_VERSION_HEX >= 0x03080000
        -: 3867:    NULL,                         /* tp_vectorcall */
        -: 3868:#  if PY_VERSION_HEX < 0x03090000
        -: 3869:    NULL,                         /* tp_print */
        -: 3870:#  endif /* if PY_VERSION_HEX < 0x03090000 */
        -: 3871:#endif /* if PY_VERSION_HEX >= 0x03080000 */
        -: 3872:};
        -: 3873:#pragma GCC diagnostic pop
        -: 3874:
        -: 3875:PyTypeObject* CursorType_init(void)
        -: 3876:{
        -: 3877:    do
        -: 3878:    {
        -: 3879:        if (0 != Description_init()) break;
        -: 3880:        if (0 != PyType_Ready(&RowType)) break;
        -: 3881:        if (0 != PyType_Ready(&RowListType)) break;
        -: 3882:        if (0 != PyType_Ready(&CursorType)) break;
        -: 3883:        return &CursorType;
        -: 3884:    } while (0);
        -: 3885:
        -: 3886:    return NULL;
        -: 3887:}
